No TTY detected. Switching to silent installation
OS flavor is ubuntu-18.04
check previous install
Uninstalling Bitfusion...
Removing ~/.bitfusion/srs.pid
Removing /root/.bitfusion/srs.pid
Removing /var/run/bitfusion/srs.pid
Removing /etc/bash_completion.d/bitfusion
Removing /usr/share/bitfusion
Removing /usr/bin/bitfusion
Removing /opt/bitfusion
Checking if should install dependencies (Ubuntu 18.04)
Skipping dependencies (Ubuntu 18.04)
Creating dir: /build/tmp_ubuntu_18.04_client/install_dir/usr/share/bitfusion
Creating dir: /build/tmp_ubuntu_18.04_client/install_dir/opt/bitfusion
Creating dir: /build/tmp_ubuntu_18.04_client/install_dir/root/.bitfusion
Creating dir: /build/tmp_ubuntu_18.04_client/install_dir/etc/bitfusion
Creating dir: /build/tmp_ubuntu_18.04_client/install_dir/etc/bash_completion.d
Creating dir: /build/tmp_ubuntu_18.04_client/install_dir/opt/bitfusion/service
Creating dir: /build/tmp_ubuntu_18.04_client/install_dir/opt/bitfusion/lib/x86_64-linux-gnu/bitfusion
Creating dir: /build/tmp_ubuntu_18.04_client/install_dir/var/run/bitfusion
Creating dir: /build/tmp_ubuntu_18.04_client/install_dir/var/lib/bitfusion/data
Creating dir: /build/tmp_ubuntu_18.04_client/install_dir/usr/bin/
Creating dir: /build/tmp_ubuntu_18.04_client/install_dir/usr/share/bitfusion
Moving install to /build/tmp_ubuntu_18.04_client/install_dir/opt/bitfusion/
Making /build/tmp_ubuntu_18.04_client/install_dir/opt/bitfusion/install executable
Moving adaptor_deploy files to /build/tmp_ubuntu_18.04_client/install_dir/opt/bitfusion/lib/x86_64-linux-gnu/bitfusion/
Moving bitfusion to /build/tmp_ubuntu_18.04_client/install_dir/usr/bin/bitfusion
Making /build/tmp_ubuntu_18.04_client/install_dir/usr/bin/bitfusion executable
Copying VERSION to /build/tmp_ubuntu_18.04_client/install_dir/usr/share/bitfusion/VERSION
Copying copyright to /build/tmp_ubuntu_18.04_client/install_dir/usr/share/bitfusion/copyright
Moving bitfusion.autocomplete to /build/tmp_ubuntu_18.04_client/install_dir/etc/bash_completion.d/bitfusion
Moving cassandra.tmpl to /build/tmp_ubuntu_18.04_client/install_dir/etc/bitfusion
Running post install script
